[13:41:03] [Client thread/INFO]: Setting user: Player640
[13:41:04] [Client thread/INFO]: LWJGL Version: 2.9.1
[13:41:07] [Client thread/INFO]: Reloading ResourceManager: Default, FMLFileResourcePack:Forge Mod Loader, FMLFileResourcePack:Minecraft Forge, FMLFileResourcePack:Example Mod
[13:41:07] [Sound Library Loader/INFO]: Starting up SoundSystem...
[13:41:07] [Thread-9/INFO]: Initializing LWJGL OpenAL
[13:41:07] [Thread-9/INFO]: (The LWJGL binding of OpenAL.  For more information, see http://www.lwjgl.org)
[13:41:07] [Thread-9/INFO]: OpenAL initialized.
[13:41:08] [Sound Library Loader/INFO]: Sound engine started
[13:41:09] [Client thread/INFO]: Created: 512x512 textures-atlas
[13:41:10] [Client thread/INFO]: Reloading ResourceManager: Default, FMLFileResourcePack:Forge Mod Loader, FMLFileResourcePack:Minecraft Forge, FMLFileResourcePack:Example Mod
[13:41:10] [Client thread/INFO]: SoundSystem shutting down...
[13:41:10] [Client thread/WARN]: Author: Paul Lamb, www.paulscode.com
[13:41:10] [Sound Library Loader/INFO]: Starting up SoundSystem...
[13:41:10] [Thread-11/INFO]: Initializing LWJGL OpenAL
[13:41:10] [Thread-11/INFO]: (The LWJGL binding of OpenAL.  For more information, see http://www.lwjgl.org)
[13:41:10] [Thread-11/INFO]: OpenAL initialized.
[13:41:11] [Sound Library Loader/INFO]: Sound engine started
[13:41:11] [Client thread/INFO]: Created: 512x512 textures-atlas
[13:41:19] [Server thread/INFO]: Starting integrated minecraft server version 1.8
[13:41:19] [Server thread/INFO]: Generating keypair
[13:41:19] [Server thread/INFO]: Preparing start region for level 0
[13:41:20] [Server thread/INFO]: Changing view distance to 12, from 10
[13:41:21] [Server thread/INFO]: Player640[local:E:037ac86b] logged in with entity id 247 at (20.960349106949757, 64.0, 8.37442059267062)
[13:41:21] [Server thread/INFO]: Player640 joined the game
[13:41:22] [pool-2-thread-1/WARN]: Couldn't look up profile properties for com.mojang.authlib.GameProfile@7fbb0f0f[id=dfa57433-6d23-31fd-a282-bdca1175e553,name=Player640,properties={},legacy=false]
com.mojang.authlib.exceptions.AuthenticationException: The client has sent too many requests within a certain amount of time
	at com.mojang.authlib.yggdrasil.YggdrasilAuthenticationService.makeRequest(YggdrasilAuthenticationService.java:65) ~[YggdrasilAuthenticationService.class:?]
	at com.mojang.authlib.yggdrasil.YggdrasilMinecraftSessionService.fillGameProfile(YggdrasilMinecraftSessionService.java:158) [YggdrasilMinecraftSessionService.class:?]
	at com.mojang.authlib.yggdrasil.YggdrasilMinecraftSessionService$1.load(YggdrasilMinecraftSessionService.java:53) [YggdrasilMinecraftSessionService$1.class:?]
	at com.mojang.authlib.yggdrasil.YggdrasilMinecraftSessionService$1.load(YggdrasilMinecraftSessionService.java:50) [YggdrasilMinecraftSessionService$1.class:?]
	at com.google.common.cache.LocalCache$LoadingValueReference.loadFuture(LocalCache.java:3524) [guava-17.0.jar:?]
	at com.google.common.cache.LocalCache$Segment.loadSync(LocalCache.java:2317) [guava-17.0.jar:?]
	at com.google.common.cache.LocalCache$Segment.lockedGetOrLoad(LocalCache.java:2280) [guava-17.0.jar:?]
	at com.google.common.cache.LocalCache$Segment.get(LocalCache.java:2195) [guava-17.0.jar:?]
	at com.google.common.cache.LocalCache.get(LocalCache.java:3934) [guava-17.0.jar:?]
	at com.google.common.cache.LocalCache.getOrLoad(LocalCache.java:3938) [guava-17.0.jar:?]
	at com.google.common.cache.LocalCache$LocalLoadingCache.get(LocalCache.java:4821) [guava-17.0.jar:?]
	at com.google.common.cache.LocalCache$LocalLoadingCache.getUnchecked(LocalCache.java:4827) [guava-17.0.jar:?]
	at com.mojang.authlib.yggdrasil.YggdrasilMinecraftSessionService.fillProfileProperties(YggdrasilMinecraftSessionService.java:148) [YggdrasilMinecraftSessionService.class:?]
	at net.minecraft.client.resources.SkinManager$3.run(SkinManager.java:138) [SkinManager$3.class:?]
	at java.util.concurrent.Executors$RunnableAdapter.call(Unknown Source) [?:1.8.0_31]
	at java.util.concurrent.FutureTask.run(Unknown Source) [?:1.8.0_31]
	at java.util.concurrent.ThreadPoolExecutor.runWorker(Unknown Source) [?:1.8.0_31]
	at java.util.concurrent.ThreadPoolExecutor$Worker.run(Unknown Source) [?:1.8.0_31]
	at java.lang.Thread.run(Unknown Source) [?:1.8.0_31]
[13:41:25] [Server thread/INFO]: Saving and pausing game...
[13:41:25] [Server thread/INFO]: Saving chunks for level 'Yo'/Overworld
[13:41:25] [Server thread/INFO]: Saving chunks for level 'Yo'/Nether
[13:41:25] [Server thread/INFO]: Saving chunks for level 'Yo'/The End
[13:41:26] [Server thread/INFO]: Stopping server
[13:41:26] [Server thread/INFO]: Saving players
[13:41:26] [Server thread/INFO]: Saving worlds
[13:41:26] [Server thread/INFO]: Saving chunks for level 'Yo'/Overworld
[13:41:26] [Server thread/INFO]: Saving chunks for level 'Yo'/Nether
[13:41:26] [Server thread/INFO]: Saving chunks for level 'Yo'/The End
[13:41:45] [Server thread/INFO]: Starting integrated minecraft server version 1.8
[13:41:45] [Server thread/INFO]: Generating keypair
[13:41:45] [Server thread/INFO]: Converting map!
[13:41:45] [Server thread/INFO]: Scanning folders...
[13:41:45] [Server thread/INFO]: Total conversion count is 0
[13:41:45] [Server thread/INFO]: Preparing start region for level 0
[13:41:46] [Server thread/INFO]: Preparing spawn area: 13%
[13:41:47] [Server thread/INFO]: Preparing spawn area: 28%
[13:41:48] [Server thread/INFO]: Preparing spawn area: 44%
[13:41:49] [Server thread/INFO]: Preparing spawn area: 60%
[13:41:50] [Server thread/INFO]: Preparing spawn area: 76%
[13:41:51] [Server thread/INFO]: Preparing spawn area: 93%
[13:41:51] [Server thread/INFO]: Changing view distance to 12, from 10
[13:41:52] [Server thread/INFO]: Player640[local:E:3a7a9a8f] logged in with entity id 7285 at (-129.5, 64.0, 291.5)
[13:41:52] [Server thread/INFO]: Player640 joined the game
[13:41:55] [Server thread/INFO]: Player640 has just earned the achievement [Taking Inventory]
[13:41:55] [Client thread/INFO]: [CHAT] Player640 has just earned the achievement [Taking Inventory]
[13:42:33] [Server thread/INFO]: [Player640: Given Resistance (ID 11) * 10 to Player640 for 10000 seconds]
[13:42:33] [Client thread/INFO]: [CHAT] Given Resistance (ID 11) * 10 to Player640 for 10000 seconds
[13:42:38] [Server thread/INFO]: [Player640: Given Night Vision (ID 16) * 10 to Player640 for 10000 seconds]
[13:42:38] [Client thread/INFO]: [CHAT] Given Night Vision (ID 16) * 10 to Player640 for 10000 seconds
[13:45:16] [Server thread/INFO]: [Player640: Given Night Vision (ID 16) * 10 to Player640 for 10000 seconds]
[13:45:16] [Client thread/INFO]: [CHAT] Given Night Vision (ID 16) * 10 to Player640 for 10000 seconds
[13:46:43] [Client thread/ERROR]: Item entity 1029051 has no item?!
[13:50:12] [Client thread/ERROR]: Item entity 1914402 has no item?!
[13:50:12] [Client thread/ERROR]: Item entity 1914402 has no item?!
[13:50:12] [Client thread/ERROR]: Item entity 1914402 has no item?!
[13:50:31] [Client thread/ERROR]: Item entity 2075101 has no item?!
[13:50:31] [Client thread/ERROR]: Item entity 2075101 has no item?!
[13:50:31] [Client thread/ERROR]: Item entity 2075101 has no item?!
[13:51:31] [Client thread/ERROR]: Item entity 2573544 has no item?!
[13:51:31] [Client thread/ERROR]: Item entity 2573544 has no item?!
[13:51:31] [Client thread/ERROR]: Item entity 2573544 has no item?!
[13:51:34] [Client thread/ERROR]: Item entity 2596348 has no item?!
[13:52:49] [Server thread/INFO]: [Player640: Given Speed (ID 1) * 5 to Player640 for 10000 seconds]
[13:52:49] [Client thread/INFO]: [CHAT] Given Speed (ID 1) * 5 to Player640 for 10000 seconds
[13:53:01] [Server thread/INFO]: [Player640: Set own game mode to Survival Mode]
[13:53:01] [Client thread/INFO]: [CHAT] Your game mode has been updated
[13:53:45] [Server thread/WARN]: Player640 moved wrongly!
[13:54:36] [Server thread/INFO]: Player640 was slain by ZFeaster
[13:54:36] [Client thread/INFO]: [CHAT] Player640 was slain by ZFeaster
[13:54:48] [Server thread/INFO]: [Player640: Given Night Vision (ID 16) * 5 to Player640 for 10000 seconds]
[13:54:48] [Client thread/INFO]: [CHAT] Given Night Vision (ID 16) * 5 to Player640 for 10000 seconds
[13:54:53] [Server thread/INFO]: [Player640: Given Night Vision (ID 16) * 10 to Player640 for 10000 seconds]
[13:54:53] [Client thread/INFO]: [CHAT] Given Night Vision (ID 16) * 10 to Player640 for 10000 seconds
[13:56:48] [Server thread/INFO]: Player640 was slain by ZFeaster
[13:56:48] [Client thread/INFO]: [CHAT] Player640 was slain by ZFeaster
[13:57:20] [Server thread/INFO]: Saving and pausing game...
[13:57:20] [Server thread/INFO]: Saving chunks for level 'To Find the Ore!'/Overworld
[13:57:20] [Server thread/INFO]: Saving chunks for level 'To Find the Ore!'/Nether
[13:57:20] [Server thread/INFO]: Saving chunks for level 'To Find the Ore!'/The End
[13:57:21] [Server thread/INFO]: Stopping server
[13:57:21] [Server thread/INFO]: Saving players
[13:57:21] [Server thread/INFO]: Saving worlds
[13:57:21] [Server thread/INFO]: Saving chunks for level 'To Find the Ore!'/Overworld
[13:57:21] [Server thread/INFO]: Saving chunks for level 'To Find the Ore!'/Nether
[13:57:21] [Server thread/INFO]: Saving chunks for level 'To Find the Ore!'/The End
